build/intermediates/manifest_merge_blame_file/release/manifest-merger-blame-release-report.txt
1<?xml version="1.0" encoding="utf-8"?>
2<manifest xmlns:android="http://schemas.android.com/apk/res/android"
3    package="cards.pay.paycardsrecognizer.sdk"
4    android:versionCode="1"
5    android:versionName="1.0" >
6
7    <uses-sdk
8        android:minSdkVersion="21"
8-->src\main\AndroidManifest.xml
9        android:targetSdkVersion="30" />
9-->src\main\AndroidManifest.xml
10
11    <uses-permission android:name="android.permission.CAMERA" />
11-->src\main\AndroidManifest.xml:4:5-65
11-->src\main\AndroidManifest.xml:4:22-62
12    <uses-permission android:name="android.permission.FLASHLIGHT" />
12-->src\main\AndroidManifest.xml:5:5-69
12-->src\main\AndroidManifest.xml:5:22-66
13
14    <uses-feature
14-->src\main\AndroidManifest.xml:7:5-9:36
15        android:name="android.hardware.CAMERA"
15-->src\main\AndroidManifest.xml:8:9-47
16        android:required="false" />
16-->src\main\AndroidManifest.xml:9:9-33
17    <uses-feature
17-->src\main\AndroidManifest.xml:10:5-12:36
18        android:name="android.hardware.camera.AUTOFOCUS"
18-->src\main\AndroidManifest.xml:11:9-57
19        android:required="false" />
19-->src\main\AndroidManifest.xml:12:9-33
20    <uses-feature
20-->src\main\AndroidManifest.xml:13:5-15:35
21        android:glEsVersion="0x00020000"
21-->src\main\AndroidManifest.xml:14:9-41
22        android:required="true" />
22-->src\main\AndroidManifest.xml:15:9-32
23
24    <application>
24-->src\main\AndroidManifest.xml:17:5-21:19
25        <activity
25-->src\main\AndroidManifest.xml:18:9-20:59
26            android:name="cards.pay.paycardsrecognizer.sdk.ui.ScanCardActivity"
26-->src\main\AndroidManifest.xml:19:13-80
27            android:theme="@style/wocr_RecognizerTheme" />
27-->src\main\AndroidManifest.xml:20:13-56
28    </application>
29
30</manifest>